Using pre-set license
Built from '2020.3/staging' branch; Version is '2020.3.35f1 (18e4db7a9996) revision 1631451'; Using compiler version '192528614'; Build Type 'Release'
OS: 'Windows 10  (10.0.19044) 64bit Professional' Language: 'ru' Physical Memory: 16346 MB
BatchMode: 1, IsHumanControllingUs: 0, StartBugReporterOnCrash: 0, Is64bit: 1, IsPro: 0

COMMAND LINE ARGUMENTS:
H:\Program Files (x86)\2020.3.35f1\Editor\Unity.exe
-adb2
-batchMode
-noUpm
-name
AssetImportWorker0
-projectPath
H:/Program Files (x86)/Projects_Unity/Robots-balls-vs-bricks
-logFile
Logs/AssetImportWorker0.log
-srvPort
49200
Successfully changed project path to: H:/Program Files (x86)/Projects_Unity/Robots-balls-vs-bricks
H:/Program Files (x86)/Projects_Unity/Robots-balls-vs-bricks
Using Asset Import Pipeline V2.
Refreshing native plugins compatible for Editor in 99.60 ms, found 2 plugins.
Preloading 0 native plugins for Editor in 0.00 ms.
Initialize engine version: 2020.3.35f1 (18e4db7a9996)
[Subsystems] Discovering subsystems at path H:/Program Files (x86)/2020.3.35f1/Editor/Data/Resources/UnitySubsystems
[Subsystems] Discovering subsystems at path H:/Program Files (x86)/Projects_Unity/Robots-balls-vs-bricks/Assets
GfxDevice: creating device client; threaded=0
Direct3D:
    Version:  Direct3D 11.0 [level 11.1]
    Renderer: NVIDIA GeForce GTX 970 (ID=0x13c2)
    Vendor:   
    VRAM:     4043 MB
    Driver:   30.0.15.1165
Initialize mono
Mono path[0] = 'H:/Program Files (x86)/2020.3.35f1/Editor/Data/Managed'
Mono path[1] = 'H:/Program Files (x86)/2020.3.35f1/Editor/Data/MonoBleedingEdge/lib/mono/unityjit'
Mono config path = 'H:/Program Files (x86)/2020.3.35f1/Editor/Data/MonoBleedingEdge/etc'
Using monoOptions --debugger-agent=transport=dt_socket,embedding=1,server=y,suspend=n,address=127.0.0.1:56200
Begin MonoManager ReloadAssembly
Registering precompiled unity dll's ...
Register platform support module: H:/Program Files (x86)/2020.3.35f1/Editor/Data/PlaybackEngines/WindowsStandaloneSupport/UnityEditor.WindowsStandalone.Extensions.dll
Registered in 0.001736 seconds.
Native extension for WindowsStandalone target not found
Refreshing native plugins compatible for Editor in 78.21 ms, found 2 plugins.
Preloading 0 native plugins for Editor in 0.00 ms.
Mono: successfully reloaded assembly
- Completed reload, in  0.966 seconds
Domain Reload Profiling:
	ReloadAssembly (966ms)
		BeginReloadAssembly (95ms)
			ExecutionOrderSort (0ms)
			DisableScriptedObjects (0ms)
			BackupInstance (0ms)
			ReleaseScriptingObjects (0ms)
			CreateAndSetChildDomain (1ms)
		EndReloadAssembly (758ms)
			LoadAssemblies (94ms)
			RebuildTransferFunctionScriptingTraits (0ms)
			SetupTypeCache (261ms)
			ReleaseScriptCaches (0ms)
			RebuildScriptCaches (48ms)
			SetupLoadedEditorAssemblies (281ms)
				LogAssemblyErrors (0ms)
				InitializePlatformSupportModulesInManaged (6ms)
				SetLoadedEditorAssemblies (0ms)
				RefreshPlugins (78ms)
				BeforeProcessingInitializeOnLoad (24ms)
				ProcessInitializeOnLoadAttributes (129ms)
				ProcessInitializeOnLoadMethodAttributes (42ms)
				AfterProcessingInitializeOnLoad (0ms)
				EditorAssembliesLoaded (0ms)
			ExecutionOrderSort2 (0ms)
			AwakeInstancesAfterBackupRestoration (0ms)
Platform modules already initialized, skipping
Registering precompiled user dll's ...
Registered in 0.007047 seconds.
Begin MonoManager ReloadAssembly
OnLevelWasLoaded was found on LogManager
This message has been deprecated and will be removed in a later version of Unity.
Add a delegate to SceneManager.sceneLoaded instead to get notifications after scene loading has completed
Native extension for WindowsStandalone target not found
Refreshing native plugins compatible for Editor in 1.52 ms, found 2 plugins.
Preloading 0 native plugins for Editor in 0.00 ms.
Mono: successfully reloaded assembly
- Completed reload, in  1.796 seconds
Domain Reload Profiling:
	ReloadAssembly (1797ms)
		BeginReloadAssembly (235ms)
			ExecutionOrderSort (0ms)
			DisableScriptedObjects (7ms)
			BackupInstance (0ms)
			ReleaseScriptingObjects (0ms)
			CreateAndSetChildDomain (30ms)
		EndReloadAssembly (1466ms)
			LoadAssemblies (155ms)
			RebuildTransferFunctionScriptingTraits (0ms)
			SetupTypeCache (503ms)
			ReleaseScriptCaches (1ms)
			RebuildScriptCaches (81ms)
			SetupLoadedEditorAssemblies (596ms)
				LogAssemblyErrors (0ms)
				InitializePlatformSupportModulesInManaged (7ms)
				SetLoadedEditorAssemblies (1ms)
				RefreshPlugins (2ms)
				BeforeProcessingInitializeOnLoad (158ms)
				ProcessInitializeOnLoadAttributes (297ms)
				ProcessInitializeOnLoadMethodAttributes (127ms)
				AfterProcessingInitializeOnLoad (4ms)
				EditorAssembliesLoaded (0ms)
			ExecutionOrderSort2 (0ms)
			AwakeInstancesAfterBackupRestoration (3ms)
Platform modules already initialized, skipping
========================================================================
Worker process is ready to serve import requests
Launched and connected shader compiler UnityShaderCompiler.exe after 0.09 seconds
Refreshing native plugins compatible for Editor in 1.63 ms, found 2 plugins.
Preloading 0 native plugins for Editor in 0.00 ms.
Unloading 2338 Unused Serialized files (Serialized files now loaded: 0)
System memory in use before: 92.9 MB.
System memory in use after: 93.1 MB.

Unloading 85 unused Assets to reduce memory usage. Loaded Objects now: 2714.
Total: 10.424400 ms (FindLiveObjects: 0.599800 ms CreateObjectMapping: 0.182600 ms MarkObjects: 9.515500 ms  DeleteObjects: 0.125200 ms)

AssetImportParameters requested are different than current active one (requested -> active):
  custom:framework-win-MediaFoundation: 216162199b28c13a410421893ffa2e32 -> 
  custom:video-decoder-ogg-theora: a1e56fd34408186e4bbccfd4996cb3dc -> 
  custom:container-muxer-webm: aa71ff27fc2769a1b78a27578f13a17b -> 
  custom:container-demuxer-webm: 4f35f7cbe854078d1ac9338744f61a02 -> 
  custom:container-demuxer-ogg: 62fdf1f143b41e24485cea50d1cbac27 -> 
  custom:video-encoder-webm-vp8: eb34c28f22e8b96e1ab97ce403110664 -> 
  custom:video-codec-MediaFoundation-h265: 746d11721c4dcdbdad8f713fa42b33f4 -> 
  custom:video-decoder-webm-vp8: 9c59270c3fd7afecdb556c50c9e8de78 -> 
  custom:audio-decoder-ogg-vorbis: bf7c407c2cedff20999df2af8eb42d56 -> 
  custom:audio-encoder-webm-vorbis: bf7c407c2cedff20999df2af8eb42d56 -> 
========================================================================
Received Import Request.
  path: Assets/Gizmos/iTweenIcon.tif
  artifactKey: Guid(911e2901e0615d44aad834ec970dc69a) Importer(815301076,1909f56bfc062723c751e8b465ee728b)
Start importing Assets/Gizmos/iTweenIcon.tif using Guid(911e2901e0615d44aad834ec970dc69a) Importer(815301076,1909f56bfc062723c751e8b465ee728b)  -> (artifact id: '5a5bc7590c8668dbb22401580f013d5e') in 0.156426 seconds 
========================================================================
Received Import Request.
  Time since last request: 0.000402 seconds.
  path: Assets/Art Works/GamEditors.psd
  artifactKey: Guid(75a68f14618b22f49809a462cbdeb527) Importer(815301076,1909f56bfc062723c751e8b465ee728b)
Start importing Assets/Art Works/GamEditors.psd using Guid(75a68f14618b22f49809a462cbdeb527) Importer(815301076,1909f56bfc062723c751e8b465ee728b)  -> (artifact id: '7a0a02fd9bc786a013674b5ec7be915c') in 0.105519 seconds 
========================================================================
Received Import Request.
  Time since last request: 0.000322 seconds.
  path: Assets/Art Works/ballz icon.psd
  artifactKey: Guid(45e36fd870897db479243f7fdfd4fa53) Importer(815301076,1909f56bfc062723c751e8b465ee728b)
Start importing Assets/Art Works/ballz icon.psd using Guid(45e36fd870897db479243f7fdfd4fa53) Importer(815301076,1909f56bfc062723c751e8b465ee728b)  -> (artifact id: 'd97821c92b99a3f16cf4d460de708b95') in 0.041444 seconds 
========================================================================
Received Import Request.
  Time since last request: 0.000328 seconds.
  path: Assets/Art Works/White Ball.png
  artifactKey: Guid(4712be3c7be654c4fb4c760e0994e7f0) Importer(815301076,1909f56bfc062723c751e8b465ee728b)
Start importing Assets/Art Works/White Ball.png using Guid(4712be3c7be654c4fb4c760e0994e7f0) Importer(815301076,1909f56bfc062723c751e8b465ee728b)  -> (artifact id: 'b09aecd9edc191de3c6c43eb638d78dc') in 0.124360 seconds 
========================================================================
Received Import Request.
  Time since last request: 0.000289 seconds.
  path: Assets/Art Works/triangle.png
  artifactKey: Guid(05cdc2bbc9d59ae469fa5b4457bee863) Importer(815301076,1909f56bfc062723c751e8b465ee728b)
Start importing Assets/Art Works/triangle.png using Guid(05cdc2bbc9d59ae469fa5b4457bee863) Importer(815301076,1909f56bfc062723c751e8b465ee728b)  -> (artifact id: 'c0499c32552311a6c8c52731021b9e2d') in 0.037306 seconds 
========================================================================
Received Import Request.
  Time since last request: 0.000342 seconds.
  path: Assets/Fonts/ClearSans-Bold.ttf
  artifactKey: Guid(90bae4f882cd2454b994dd643613202f) Importer(815301076,1909f56bfc062723c751e8b465ee728b)
Start importing Assets/Fonts/ClearSans-Bold.ttf using Guid(90bae4f882cd2454b994dd643613202f) Importer(815301076,1909f56bfc062723c751e8b465ee728b)  -> (artifact id: '8a1c1f7b6ec76eed398c7a575b949833') in 0.088326 seconds 
========================================================================
Received Import Request.
  Time since last request: 5.363527 seconds.
  path: Assets/Materials/Ball Sprite.mat
  artifactKey: Guid(c4365489890d5044a8f6b74c55cfc9c5) Importer(815301076,1909f56bfc062723c751e8b465ee728b)
Start importing Assets/Materials/Ball Sprite.mat using Guid(c4365489890d5044a8f6b74c55cfc9c5) Importer(815301076,1909f56bfc062723c751e8b465ee728b)  -> (artifact id: '9496226b1a3a15fc8dd5d1f54593aafd') in 0.024309 seconds 
========================================================================
Received Import Request.
  Time since last request: 0.000272 seconds.
  path: Assets/Materials/Line Renderer.mat
  artifactKey: Guid(6a6917df9bf173b40965a69498409bbb) Importer(815301076,1909f56bfc062723c751e8b465ee728b)
Start importing Assets/Materials/Line Renderer.mat using Guid(6a6917df9bf173b40965a69498409bbb) Importer(815301076,1909f56bfc062723c751e8b465ee728b)  -> (artifact id: 'fe2e3c87159accf7a9e85a21f73f1f7c') in 0.028785 seconds 
========================================================================
Received Import Request.
  Time since last request: 21.193447 seconds.
  path: Assets/Art Works/Final Art/Backgtound_8x6_Texture v.1.png
  artifactKey: Guid(c8f33f56658754ea1ba2ffcceeca96e0) Importer(815301076,1909f56bfc062723c751e8b465ee728b)
Start importing Assets/Art Works/Final Art/Backgtound_8x6_Texture v.1.png using Guid(c8f33f56658754ea1ba2ffcceeca96e0) Importer(815301076,1909f56bfc062723c751e8b465ee728b)  -> (artifact id: '0dcb889e9a470d1303cb1330c8212ecc') in 0.049273 seconds 
========================================================================
Received Import Request.
  Time since last request: 0.000294 seconds.
  path: Assets/Art Works/Final Art/Иконка робот.png
  artifactKey: Guid(9ba1063b4998d4e96be6c458d73a1f1c) Importer(815301076,1909f56bfc062723c751e8b465ee728b)
Start importing Assets/Art Works/Final Art/Иконка робот.png using Guid(9ba1063b4998d4e96be6c458d73a1f1c) Importer(815301076,1909f56bfc062723c751e8b465ee728b)  -> (artifact id: 'c6b3a69243d0da017c6f3c1b7afcf17d') in 0.034972 seconds 
========================================================================
Received Import Request.
  Time since last request: 0.000281 seconds.
  path: Assets/Art Works/Final Art/Backgtound_8x6_Texture v.3.png
  artifactKey: Guid(fdb780d7e9bca40be95c765ae582d11d) Importer(815301076,1909f56bfc062723c751e8b465ee728b)
Start importing Assets/Art Works/Final Art/Backgtound_8x6_Texture v.3.png using Guid(fdb780d7e9bca40be95c765ae582d11d) Importer(815301076,1909f56bfc062723c751e8b465ee728b)  -> (artifact id: 'f2bc4947e41be770df2f3cc42297c4ca') in 0.041140 seconds 
========================================================================
Received Import Request.
  Time since last request: 0.000305 seconds.
  path: Assets/Art Works/Final Art/Backgtound_8x6_Texture v.2.png
  artifactKey: Guid(97bddf49aa1744031a42e7cc776142d1) Importer(815301076,1909f56bfc062723c751e8b465ee728b)
Start importing Assets/Art Works/Final Art/Backgtound_8x6_Texture v.2.png using Guid(97bddf49aa1744031a42e7cc776142d1) Importer(815301076,1909f56bfc062723c751e8b465ee728b)  -> (artifact id: 'dca02594a6adad0d20bb1e31dd941a2a') in 0.042390 seconds 
========================================================================
Received Import Request.
  Time since last request: 0.000282 seconds.
  path: Assets/Art Works/Final Art/BG MM1.png
  artifactKey: Guid(9ced66b3742116d4e806f2a5fab68fec) Importer(815301076,1909f56bfc062723c751e8b465ee728b)
Start importing Assets/Art Works/Final Art/BG MM1.png using Guid(9ced66b3742116d4e806f2a5fab68fec) Importer(815301076,1909f56bfc062723c751e8b465ee728b)  -> (artifact id: '050121449422e275a3a5cc17a2580bbc') in 0.026639 seconds 
========================================================================
Received Import Request.
  Time since last request: 122.559780 seconds.
  path: Assets/Art Works/Final Art/Иконка жизни_здоровья_v.5.png
  artifactKey: Guid(89b4ca5b3358aa14987e43e24cd19d6c) Importer(815301076,1909f56bfc062723c751e8b465ee728b)
Start importing Assets/Art Works/Final Art/Иконка жизни_здоровья_v.5.png using Guid(89b4ca5b3358aa14987e43e24cd19d6c) Importer(815301076,1909f56bfc062723c751e8b465ee728b)  -> (artifact id: '5e2ac2005e930be562d65dc85e341502') in 0.064322 seconds 
========================================================================
Received Import Request.
  Time since last request: 18.532963 seconds.
  path: Assets/Art Works/Final Art/Доспехи_v.4.png
  artifactKey: Guid(b0a194aae6c0d1f40b9743201eea5146) Importer(815301076,1909f56bfc062723c751e8b465ee728b)
Start importing Assets/Art Works/Final Art/Доспехи_v.4.png using Guid(b0a194aae6c0d1f40b9743201eea5146) Importer(815301076,1909f56bfc062723c751e8b465ee728b)  -> (artifact id: '966ab03429e1de2c5e41bdb9fcc3407e') in 0.062310 seconds 
========================================================================
Received Import Request.
  Time since last request: 7.747816 seconds.
  path: Assets/Art Works/Final Art/Иконка атака.png
  artifactKey: Guid(e82c94cb51cde5f4fa25df6449a9eb65) Importer(815301076,1909f56bfc062723c751e8b465ee728b)
Start importing Assets/Art Works/Final Art/Иконка атака.png using Guid(e82c94cb51cde5f4fa25df6449a9eb65) Importer(815301076,1909f56bfc062723c751e8b465ee728b)  -> (artifact id: '4aeebe0d93966973122a6319062d6a6a') in 0.059239 seconds 
========================================================================
Received Prepare
Registering precompiled user dll's ...
Registered in 0.006540 seconds.
Begin MonoManager ReloadAssembly
Native extension for WindowsStandalone target not found
Refreshing native plugins compatible for Editor in 1.94 ms, found 2 plugins.
Preloading 0 native plugins for Editor in 0.00 ms.
Mono: successfully reloaded assembly
- Completed reload, in  1.852 seconds
Domain Reload Profiling:
	ReloadAssembly (1853ms)
		BeginReloadAssembly (194ms)
			ExecutionOrderSort (0ms)
			DisableScriptedObjects (9ms)
			BackupInstance (0ms)
			ReleaseScriptingObjects (0ms)
			CreateAndSetChildDomain (64ms)
		EndReloadAssembly (1551ms)
			LoadAssemblies (174ms)
			RebuildTransferFunctionScriptingTraits (0ms)
			SetupTypeCache (537ms)
			ReleaseScriptCaches (1ms)
			RebuildScriptCaches (71ms)
			SetupLoadedEditorAssemblies (608ms)
				LogAssemblyErrors (0ms)
				InitializePlatformSupportModulesInManaged (8ms)
				SetLoadedEditorAssemblies (1ms)
				RefreshPlugins (2ms)
				BeforeProcessingInitializeOnLoad (154ms)
				ProcessInitializeOnLoadAttributes (309ms)
				ProcessInitializeOnLoadMethodAttributes (129ms)
				AfterProcessingInitializeOnLoad (4ms)
				EditorAssembliesLoaded (0ms)
			ExecutionOrderSort2 (0ms)
			AwakeInstancesAfterBackupRestoration (4ms)
Platform modules already initialized, skipping
OnLevelWasLoaded was found on LogManager
This message has been deprecated and will be removed in a later version of Unity.
Add a delegate to SceneManager.sceneLoaded instead to get notifications after scene loading has completed
Switching build target platform(19) subTarget(0) extendedPlatform(0) -> platform(13) subTarget(589824) extendedPlatform(0)
Refreshing native plugins compatible for Editor in 1.78 ms, found 2 plugins.
Preloading 0 native plugins for Editor in 0.00 ms.
Unloading 2335 Unused Serialized files (Serialized files now loaded: 0)
System memory in use before: 96.2 MB.
System memory in use after: 96.4 MB.

Unloading 76 unused Assets to reduce memory usage. Loaded Objects now: 2773.
Total: 12.435600 ms (FindLiveObjects: 0.643800 ms CreateObjectMapping: 0.181800 ms MarkObjects: 11.534800 ms  DeleteObjects: 0.073400 ms)

AssetImportParameters requested are different than current active one (requested -> active):
  custom:framework-win-MediaFoundation: 216162199b28c13a410421893ffa2e32 -> 
  custom:video-decoder-ogg-theora: a1e56fd34408186e4bbccfd4996cb3dc -> 
  custom:container-muxer-webm: aa71ff27fc2769a1b78a27578f13a17b -> 
  custom:container-demuxer-webm: 4f35f7cbe854078d1ac9338744f61a02 -> 
  custom:container-demuxer-ogg: 62fdf1f143b41e24485cea50d1cbac27 -> 
  custom:video-encoder-webm-vp8: eb34c28f22e8b96e1ab97ce403110664 -> 
  custom:video-codec-MediaFoundation-h265: 746d11721c4dcdbdad8f713fa42b33f4 -> 
  custom:video-decoder-webm-vp8: 9c59270c3fd7afecdb556c50c9e8de78 -> 
  custom:graphics/normal-map-encoding: 01000000000000000000000000000000 -> 02000000000000000000000000000000
  custom:audio-decoder-ogg-vorbis: bf7c407c2cedff20999df2af8eb42d56 -> 
  custom:audio-encoder-webm-vorbis: bf7c407c2cedff20999df2af8eb42d56 -> 
AssetImportWorkerClient::OnTransportError - code=2 error=End of file
